[    0.000000] Initializing cgroup subsys cpuset
[    0.000000] Initializing cgroup subsys cpu
[    0.000000] Initializing cgroup subsys cpuacct
[    0.000000] Linux version 4.4.0-210-generic (buildd@lgw01-amd64-009) (gcc version 5.4.0 20160609 (Ubuntu 5.4.0-6ubuntu1~16.04.12) ) #242-Ubuntu SMP Fri Apr 16 09:57:56 UTC 2021 (Ubuntu 4.4.0-210.242-generic 4.4.262)
[    0.000000] Command line: BOOT_IMAGE=/boot/vmlinuz-4.4.0-210-generic root=LABEL=cloudimg-rootfs ro console=tty1 console=ttyS0
[    0.000000] KERNEL supported cpus:
[    0.000000]   Intel GenuineIntel
[    0.000000]   AMD AuthenticAMD
[    0.000000]   Centaur CentaurHauls
[    0.000000] [Firmware Bug]: TSC doesn't count with P0 frequency!
[    0.000000] x86/fpu: xstate_offset[2]:  576, xstate_sizes[2]:  256
[    0.000000] x86/fpu: Supporting XSAVE feature 0x01: 'x87 floating point registers'
[    0.000000] x86/fpu: Supporting XSAVE feature 0x02: 'SSE registers'
[    0.000000] x86/fpu: Supporting XSAVE feature 0x04: 'AVX registers'
[    0.000000] x86/fpu: Enabled xstate features 0x7, context size is 832 bytes, using 'standard' format.
[    0.000000] e820: BIOS-provided physical RAM map:
[    0.000000] BIOS-e820: [mem 0x0000000000000000-0x000000000009fbff] usable
[    0.000000] BIOS-e820: [mem 0x000000000009fc00-0x000000000009ffff] reserved
[    0.000000] BIOS-e820: [mem 0x00000000000f0000-0x00000000000fffff] reserved
[    0.000000] BIOS-e820: [mem 0x0000000000100000-0x000000003ffeffff] usable
[    0.000000] BIOS-e820: [mem 0x000000003fff0000-0x000000003fffffff] ACPI data
[    0.000000] BIOS-e820: [mem 0x00000000fec00000-0x00000000fec00fff] reserved
[    0.000000] BIOS-e820: [mem 0x00000000fee00000-0x00000000fee00fff] reserved
[    0.000000] BIOS-e820: [mem 0x00000000fffc0000-0x00000000ffffffff] reserved
[    0.000000] NX (Execute Disable) protection: active
[    0.000000] SMBIOS 2.5 present.
[    0.000000] Hypervisor detected: KVM
[    0.000000] Kernel/User page tables isolation: disabled
[    0.000000] e820: last_pfn = 0x3fff0 max_arch_pfn = 0x400000000
[    0.000000] MTRR: Disabled
[    0.000000] x86/PAT: MTRRs disabled, skipping PAT initialization too.
[    0.000000] CPU MTRRs all blank - virtualized system.
[    0.000000] x86/PAT: Configuration [0-7]: WB  WT  UC- UC  WB  WT  UC- UC  
[    0.000000] found SMP MP-table at [mem 0x0009fff0-0x0009ffff] mapped at [ffff88000009fff0]
[    0.000000] Scanning 1 areas for low memory corruption
[    0.000000] RAMDISK: [mem 0x362dc000-0x37165fff]
[    0.000000] ACPI: Early table checksum verification disabled
[    0.000000] ACPI: RSDP 0x00000000000E0000 000024 (v02 VBOX  )
[    0.000000] ACPI: XSDT 0x000000003FFF0030 00003C (v01 VBOX   VBOXXSDT 00000001 ASL  00000061)
[    0.000000] ACPI: FACP 0x000000003FFF00F0 0000F4 (v04 VBOX   VBOXFACP 00000001 ASL  00000061)
[    0.000000] ACPI: DSDT 0x000000003FFF0470 002325 (v02 VBOX   VBOXBIOS 00000002 INTL 20190509)
[    0.000000] ACPI: FACS 0x000000003FFF0200 000040
[    0.000000] ACPI: FACS 0x000000003FFF0200 000040
[    0.000000] ACPI: APIC 0x000000003FFF0240 00005C (v02 VBOX   VBOXAPIC 00000001 ASL  00000061)
[    0.000000] ACPI: SSDT 0x000000003FFF02A0 0001CC (v01 VBOX   VBOXCPUT 00000002 INTL 20190509)
[    0.000000] No NUMA configuration found
[    0.000000] Faking a node at [mem 0x0000000000000000-0x000000003ffeffff]
[    0.000000] NODE_DATA(0) allocated [mem 0x3ffeb000-0x3ffeffff]
[    0.000000] kvm-clock: Using msrs 4b564d01 and 4b564d00
[    0.000000] kvm-clock: cpu 0, msr 0:3ffe3001, primary cpu clock
[    0.000000] kvm-clock: using sched offset of 3155326045 cycles
[    0.000000] clocksource: kvm-clock: mask: 0xffffffffffffffff max_cycles: 0x1cd42e4dffb, max_idle_ns: 881590591483 ns
[    0.000000] Zone ranges:
[    0.000000]   DMA      [mem 0x0000000000001000-0x0000000000ffffff]
[    0.000000]   DMA32    [mem 0x0000000001000000-0x000000003ffeffff]
[    0.000000]   Normal   empty
[    0.000000]   Device   empty
[    0.000000] Movable zone start for each node
[    0.000000] Early memory node ranges
[    0.000000]   node   0: [mem 0x0000000000001000-0x000000000009efff]
[    0.000000]   node   0: [mem 0x0000000000100000-0x000000003ffeffff]
[    0.000000] Initmem setup node 0 [mem 0x0000000000001000-0x000000003ffeffff]
[    0.000000] ACPI: PM-Timer IO Port: 0x4008
[    0.000000] IOAPIC[0]: apic_id 2, version 32, address 0xfec00000, GSI 0-23
[    0.000000] ACPI: INT_SRC_OVR (bus 0 bus_irq 0 global_irq 2 dfl dfl)
[    0.000000] ACPI: INT_SRC_OVR (bus 0 bus_irq 9 global_irq 9 low level)
[    0.000000] Using ACPI (MADT) for SMP configuration information
[    0.000000] smpboot: Allowing 2 CPUs, 0 hotplug CPUs
[    0.000000] PM: Registered nosave memory: [mem 0x00000000-0x00000fff]
[    0.000000] PM: Registered nosave memory: [mem 0x0009f000-0x0009ffff]
[    0.000000] PM: Registered nosave memory: [mem 0x000a0000-0x000effff]
[    0.000000] PM: Registered nosave memory: [mem 0x000f0000-0x000fffff]
[    0.000000] e820: [mem 0x40000000-0xfebfffff] available for PCI devices
[    0.000000] Booting paravirtualized kernel on KVM
[    0.000000] clocksource: refined-jiffies: mask: 0xffffffff max_cycles: 0xffffffff, max_idle_ns: 7645519600211568 ns
[    0.000000] setup_percpu: NR_CPUS:512 nr_cpumask_bits:512 nr_cpu_ids:2 nr_node_ids:1
[    0.000000] PERCPU: Embedded 33 pages/cpu @ffff88003fc00000 s95192 r8192 d31784 u1048576
[    0.000000] Built 1 zonelists in Node order, mobility grouping on.  Total pages: 257912
[    0.000000] Policy zone: DMA32
[    0.000000] Kernel command line: BOOT_IMAGE=/boot/vmlinuz-4.4.0-210-generic root=LABEL=cloudimg-rootfs ro console=tty1 console=ttyS0
[    0.000000] PID hash table entries: 4096 (order: 3, 32768 bytes)
[    0.000000] Memory: 997792K/1048120K available (8644K kernel code, 1332K rwdata, 4044K rodata, 1492K init, 1164K bss, 50328K reserved, 0K cma-reserved)
[    0.000000] SLUB: HWalign=64, Order=0-3, MinObjects=0, CPUs=2, Nodes=1
[    0.000000] Hierarchical RCU implementation.
[    0.000000] 	Build-time adjustment of leaf fanout to 64.
[    0.000000] 	RCU restricting CPUs from NR_CPUS=512 to nr_cpu_ids=2.
[    0.000000] RCU: Adjusting geometry for rcu_fanout_leaf=64, nr_cpu_ids=2
[    0.000000] NR_IRQS:33024 nr_irqs:440 16
[    0.000000] Console: colour VGA+ 80x25
[    0.000000] console [tty1] enabled
[    0.000000] console [ttyS0] enabled
[    0.000000] tsc: Detected 2297.656 MHz processor
[    0.162857] Calibrating delay loop (skipped) preset value.. 4595.31 BogoMIPS (lpj=9190624)
[    0.164643] pid_max: default: 32768 minimum: 301
[    0.167716] ACPI: Core revision 20150930
[    0.169531] ACPI: 2 ACPI AML tables successfully acquired and loaded
[    0.171460] Security Framework initialized
[    0.175246] Yama: becoming mindful.
[    0.175969] AppArmor: AppArmor initialized
[    0.177023] Dentry cache hash table entries: 131072 (order: 8, 1048576 bytes)
[    0.178296] Inode-cache hash table entries: 65536 (order: 7, 524288 bytes)
[    0.180290] Mount-cache hash table entries: 2048 (order: 2, 16384 bytes)
[    0.181450] Mountpoint-cache hash table entries: 2048 (order: 2, 16384 bytes)
[    0.186167] Initializing cgroup subsys io
[    0.187071] Initializing cgroup subsys memory
[    0.190875] Initializing cgroup subsys devices
[    0.191682] Initializing cgroup subsys freezer
[    0.192512] Initializing cgroup subsys net_cls
[    0.193366] Initializing cgroup subsys perf_event
[    0.194561] Initializing cgroup subsys net_prio
[    0.195695] Initializing cgroup subsys hugetlb
[    0.196518] Initializing cgroup subsys pids
[    0.214340] mce: CPU supports 0 MCE banks
[    0.215613] Last level iTLB entries: 4KB 1024, 2MB 1024, 4MB 512
[    0.217741] Last level dTLB entries: 4KB 1536, 2MB 1536, 4MB 768, 1GB 0
[    0.219083] Spectre V1 : Mitigation: usercopy/swapgs barriers and __user pointer sanitization
[    0.220750] Spectre V2 : Spectre mitigation: LFENCE not serializing, switching to generic retpoline
[    0.222951] Spectre V2 : Mitigation: Full generic retpoline
[    0.224112] Spectre V2 : Spectre v2 / SpectreRSB mitigation: Filling RSB on context switch
[    0.225939] Speculative Store Bypass: Mitigation: Speculative Store Bypass disabled via prctl and seccomp
[    0.230241] Freeing SMP alternatives memory: 36K
[    0.237687] ftrace: allocating 32380 entries in 127 pages
[    0.299088] smpboot: APIC(0) Converting physical 0 to logical package 0
[    0.300026] smpboot: Max logical packages: 1
[    0.300901] x2apic enabled
[    0.301610] Switched APIC routing to physical x2apic.
[    0.303327] ..TIMER: vector=0x30 apic1=0 pin1=2 apic2=-1 pin2=-1
[    0.412267] smpboot: CPU0: AMD Ryzen 7 PRO 3700U w/ Radeon Vega Mobile Gfx (family: 0x17, model: 0x18, stepping: 0x1)
[    0.414183] Performance Events: Broken PMU hardware detected, using software events only.
[    0.415606] Failed to access perfctr msr (MSR c0010007 is 0)
[    0.421940] KVM setup paravirtual spinlock
[    0.423570] x86: Booting SMP configuration:
[    0.424325] .... node  #0, CPUs:      #1
[    0.425238] kvm-clock: cpu 1, msr 0:3ffe3041, secondary cpu clock
[    0.439139] mce: CPU supports 0 MCE banks
[    0.441685] x86: Booted up 1 node, 2 CPUs
[    0.443023] smpboot: Total of 2 processors activated (9190.62 BogoMIPS)
[    0.445186] devtmpfs: initialized
[    0.448233] evm: security.selinux
[    0.449535] evm: security.SMACK64
[    0.450517] evm: security.SMACK64EXEC
[    0.452176] evm: security.SMACK64TRANSMUTE
[    0.455193] evm: security.SMACK64MMAP
[    0.457003] evm: security.ima
[    0.458427] evm: security.capability
[    0.461000] clocksource: jiffies: mask: 0xffffffff max_cycles: 0xffffffff, max_idle_ns: 7645041785100000 ns
[    0.464860] futex hash table entries: 512 (order: 3, 32768 bytes)
[    0.467609] pinctrl core: initialized pinctrl subsystem
[    0.469048] RTC time:  2:21:46, date: 12/08/21
[    0.471326] NET: Registered protocol family 16
[    0.478481] cpuidle: using governor ladder
[    0.489241] cpuidle: using governor menu
[    0.490792] PCCT header not found.
[    0.492780] ACPI: bus type PCI registered
[    0.494468] acpiphp: ACPI Hot Plug PCI Controller Driver version: 0.5
[    0.496688] PCI: Using configuration type 1 for base access
[    0.498422] PCI: Using configuration type 1 for extended access
[    0.509216] ACPI: Added _OSI(Module Device)
[    0.510796] ACPI: Added _OSI(Processor Device)
[    0.512328] ACPI: Added _OSI(3.0 _SCP Extensions)
[    0.514135] ACPI: Added _OSI(Processor Aggregator Device)
[    0.517089] ACPI: Executed 1 blocks of module-level executable AML code
[    0.521244] ACPI: Interpreter enabled
[    0.521938] ACPI: (supports S0 S5)
[    0.522553] ACPI: Using IOAPIC for interrupt routing
[    0.523504] PCI: Using host bridge windows from ACPI; if necessary, use "pci=nocrs" and report a bug
[    0.527957] ACPI: PCI Root Bridge [PCI0] (domain 0000 [bus 00-ff])
[    0.528905] acpi PNP0A03:00: _OSC: OS supports [ExtendedConfig ASPM ClockPM Segments MSI]
[    0.531121] acpi PNP0A03:00: _OSC: platform does not support [PCIeCapability]
[    0.532755] acpi PNP0A03:00: _OSC: not requesting control; platform does not support [PCIeCapability]
[    0.534200] acpi PNP0A03:00: _OSC: OS requested [PCIeHotplug PME AER PCIeCapability]
[    0.535623] acpi PNP0A03:00: _OSC: platform willing to grant [PCIeHotplug PME AER]
[    0.536986] acpi PNP0A03:00: _OSC failed (AE_SUPPORT); disabling ASPM
[    0.538310] PCI host bridge to bus 0000:00
[    0.539171] pci_bus 0000:00: root bus resource [io  0x0000-0x0cf7 window]
[    0.547617] pci_bus 0000:00: root bus resource [io  0x0d00-0xffff window]
[    0.548599] pci_bus 0000:00: root bus resource [mem 0x000a0000-0x000bffff window]
[    0.549666] pci_bus 0000:00: root bus resource [mem 0x40000000-0xfdffffff window]
[    0.551157] pci_bus 0000:00: root bus resource [bus 00-ff]
[    0.553199] pci 0000:00:01.1: legacy IDE quirk: reg 0x10: [io  0x01f0-0x01f7]
[    0.554112] pci 0000:00:01.1: legacy IDE quirk: reg 0x14: [io  0x03f6]
[    0.555225] pci 0000:00:01.1: legacy IDE quirk: reg 0x18: [io  0x0170-0x0177]
[    0.556429] pci 0000:00:01.1: legacy IDE quirk: reg 0x1c: [io  0x0376]
[    0.577888] pci 0000:00:07.0: quirk: [io  0x4000-0x403f] claimed by PIIX4 ACPI
[    0.581207] pci 0000:00:07.0: quirk: [io  0x4100-0x410f] claimed by PIIX4 SMB
[    0.591132] ACPI: PCI Interrupt Link [LNKA] (IRQs 5 9 10 *11)
[    0.592706] ACPI: PCI Interrupt Link [LNKB] (IRQs 5 9 *10 11)
[    0.594066] ACPI: PCI Interrupt Link [LNKC] (IRQs 5 *9 10 11)
[    0.595770] ACPI: PCI Interrupt Link [LNKD] (IRQs 5 9 10 *11)
[    0.597219] ACPI: Enabled 2 GPEs in block 00 to 07
[    0.598587] vgaarb: setting as boot device: PCI:0000:00:02.0
[    0.599576] vgaarb: device added: PCI:0000:00:02.0,decodes=io+mem,owns=io+mem,locks=none
[    0.600984] vgaarb: loaded
[    0.601564] vgaarb: bridge control possible 0000:00:02.0
[    0.603027] SCSI subsystem initialized
[    0.603935] ACPI: bus type USB registered
[    0.605468] usbcore: registered new interface driver usbfs
[    0.607534] usbcore: registered new interface driver hub
[    0.609526] usbcore: registered new device driver usb
[    0.612003] PCI: Using ACPI for IRQ routing
[    0.613782] NetLabel: Initializing
[    0.615155] NetLabel:  domain hash size = 128
[    0.617014] NetLabel:  protocols = UNLABELED CIPSOv4
[    0.618598] NetLabel:  unlabeled traffic allowed by default
[    0.620210] amd_nb: Cannot enumerate AMD northbridges
[    0.621118] clocksource: Switched to clocksource kvm-clock
[    0.629571] AppArmor: AppArmor Filesystem Enabled
[    0.630651] pnp: PnP ACPI init
[    0.631913] pnp: PnP ACPI: found 3 devices
[    0.642526] clocksource: acpi_pm: mask: 0xffffff max_cycles: 0xffffff, max_idle_ns: 2085701024 ns
[    0.644138] NET: Registered protocol family 2
[    0.645478] TCP established hash table entries: 8192 (order: 4, 65536 bytes)
[    0.646767] TCP bind hash table entries: 8192 (order: 5, 131072 bytes)
[    0.647872] TCP: Hash tables configured (established 8192 bind 8192)
[    0.648967] UDP hash table entries: 512 (order: 2, 16384 bytes)
[    0.649990] UDP-Lite hash table entries: 512 (order: 2, 16384 bytes)
[    0.651093] NET: Registered protocol family 1
[    0.651813] pci 0000:00:00.0: Limiting direct PCI/PCI transfers
[    0.652444] pci 0000:00:01.0: Activating ISA DMA hang workarounds
[    0.653806] Unpacking initramfs...
[    0.857758] Freeing initrd memory: 14888K
[    0.859141] clocksource: tsc: mask: 0xffffffffffffffff max_cycles: 0x211e8ee1c95, max_idle_ns: 440795218014 ns
[    0.871230] platform rtc_cmos: registered platform RTC device (no PNP device found)
[    0.873688] Scanning for low memory corruption every 60 seconds
[    0.883063] audit: initializing netlink subsys (disabled)
[    0.885080] audit: type=2000 audit(1638930111.080:1): initialized
[    0.887464] Initialise system trusted keyring
[    0.897234] HugeTLB registered 2 MB page size, pre-allocated 0 pages
[    0.901417] zbud: loaded
[    0.902470] VFS: Disk quotas dquot_6.6.0
[    0.903300] VFS: Dquot-cache hash table entries: 512 (order 0, 4096 bytes)
[    0.904488] squashfs: version 4.0 (2009/01/31) Phillip Lougher
[    0.906815] fuse init (API version 7.23)
[    0.907869] Key type big_key registered
[    0.908750] Allocating IMA MOK and blacklist keyrings.
[    0.911397] Key type asymmetric registered
[    0.912278] Asymmetric key parser 'x509' registered
[    0.914311] Block layer SCSI generic (bsg) driver version 0.4 loaded (major 249)
[    0.917544] io scheduler noop registered
[    0.919604] io scheduler deadline registered (default)
[    0.922022] io scheduler cfq registered
[    0.923008] pci_hotplug: PCI Hot Plug PCI Core version: 0.5
[    0.924173] pciehp: PCI Express Hot Plug Controller Driver version: 0.4
[    0.925352] ACPI: AC Adapter [AC] (on-line)
[    0.926243] input: Power Button as /devices/LNXSYSTM:00/LNXPWRBN:00/input/input0
[    0.927685] ACPI: Power Button [PWRF]
[    0.928489] input: Sleep Button as /devices/LNXSYSTM:00/LNXSLPBN:00/input/input1
[    0.929882] ACPI: Sleep Button [SLPF]
[    0.930982] GHES: HEST is not enabled!
[    0.931542] ACPI: Battery Slot [BAT0] (battery present)
[    0.934798] Serial: 8250/16550 driver, 32 ports, IRQ sharing enabled
[    0.958366] 00:02: ttyS0 at I/O 0x3f8 (irq = 4, base_baud = 115200) is a 16550A
[    0.963648] Linux agpgart interface v0.103
[    0.969831] loop: module loaded
[    0.972148] scsi host0: ata_piix
[    0.973694] scsi host1: ata_piix
[    0.974903] ata1: PATA max UDMA/33 cmd 0x1f0 ctl 0x3f6 bmdma 0xd000 irq 14
[    0.976700] ata2: PATA max UDMA/33 cmd 0x170 ctl 0x376 bmdma 0xd008 irq 15
[    0.978865] libphy: Fixed MDIO Bus: probed
[    0.980140] tun: Universal TUN/TAP device driver, 1.6
[    0.981731] tun: (C) 1999-2004 Max Krasnyansky <maxk@qualcomm.com>
[    0.983944] PPP generic driver version 2.4.2
[    0.985209] ehci_hcd: USB 2.0 'Enhanced' Host Controller (EHCI) Driver
[    0.986400] ehci-pci: EHCI PCI platform driver
[    0.987190] ehci-platform: EHCI generic platform driver
[    0.988015] ohci_hcd: USB 1.1 'Open' Host Controller (OHCI) Driver
[    0.989032] ohci-pci: OHCI PCI platform driver
[    0.989838] ohci-platform: OHCI generic platform driver
[    0.990723] uhci_hcd: USB Universal Host Controller Interface driver
[    0.991754] i8042: PNP: PS/2 Controller [PNP0303:PS2K,PNP0f03:PS2M] at 0x60,0x64 irq 1,12
[    0.993698] serio: i8042 KBD port at 0x60,0x64 irq 1
[    0.994437] serio: i8042 AUX port at 0x60,0x64 irq 12
[    0.995535] mousedev: PS/2 mouse device common for all mice
[    0.997810] input: AT Translated Set 2 keyboard as /devices/platform/i8042/serio0/input/input2
[    1.001952] rtc_cmos rtc_cmos: rtc core: registered rtc_cmos as rtc0
[    1.003313] rtc_cmos rtc_cmos: alarms up to one day, 114 bytes nvram
[    1.004440] i2c /dev entries driver
[    1.005186] device-mapper: uevent: version 1.0.3
[    1.006115] device-mapper: ioctl: 4.34.0-ioctl (2015-10-28) initialised: dm-devel@redhat.com
[    1.007615] ledtrig-cpu: registered to indicate activity on CPUs
[    1.009045] NET: Registered protocol family 10
[    1.010126] NET: Registered protocol family 17
[    1.011891] Key type dns_resolver registered
[    1.015318] registered taskstats version 1
[    1.016727] Loading compiled-in X.509 certificates
[    1.019128] Loaded X.509 cert 'Build time autogenerated kernel key: cf00e047681d67edb2720680708b7d9498083038'
[    1.020194] zswap: loaded using pool lzo/zbud
[    1.023590] Key type trusted registered
[    1.029427] Key type encrypted registered
[    1.030825] AppArmor: AppArmor sha1 policy hashing enabled
[    1.032526] ima: No TPM chip found, activating TPM-bypass!
[    1.034312] ima: Allocated hash algorithm: sha1
[    1.035746] evm: HMAC attrs: 0x1
[    1.037288]   Magic number: 1:669:358
[    1.038599] rtc_cmos rtc_cmos: setting system clock to 2021-12-08 02:21:47 UTC (1638930107)
[    1.040325] BIOS EDD facility v0.16 2004-Jun-25, 0 devices found
[    1.042353] EDD information not available.
[    1.159365] Freeing unused kernel memory: 1492K
[    1.160877] Write protecting the kernel read-only data: 14336k
[    1.163433] Freeing unused kernel memory: 1584K
[    1.165138] Freeing unused kernel memory: 52K
Loading, please wait...
starting version 229
[    1.183370] random: systemd-udevd: uninitialized urandom read (16 bytes read, 3 bits of entropy available)
[    1.183654] random: udevadm: uninitialized urandom read (16 bytes read, 3 bits of entropy available)
[    1.183695] random: udevadm: uninitialized urandom read (16 bytes read, 3 bits of entropy available)
[    1.190689] random: systemd-udevd: uninitialized urandom read (16 bytes read, 3 bits of entropy available)
[    1.192481] random: systemd-udevd: uninitialized urandom read (16 bytes read, 3 bits of entropy available)
[    1.193455] random: udevadm: uninitialized urandom read (16 bytes read, 3 bits of entropy available)
[    1.193512] random: udevadm: uninitialized urandom read (16 bytes read, 3 bits of entropy available)
[    1.193676] random: udevadm: uninitialized urandom read (16 bytes read, 3 bits of entropy available)
[    1.193738] random: udevadm: uninitialized urandom read (16 bytes read, 3 bits of entropy available)
[    1.193800] random: udevadm: uninitialized urandom read (16 bytes read, 3 bits of entropy available)
[    1.241108] Fusion MPT base driver 3.04.20
[    1.242630] Copyright (c) 1999-2008 LSI Corporation
[    1.246692] e1000: Intel(R) PRO/1000 Network Driver - version 7.3.21-k8-NAPI
[    1.247704] e1000: Copyright (c) 1999-2006 Intel Corporation.
[    1.251093] Fusion MPT SPI Host driver 3.04.20
[    1.259151] AVX2 version of gcm_enc/dec engaged.
[    1.259942] AES CTR mode by8 optimization enabled
[    1.446255] input: ImExPS/2 Generic Explorer Mouse as /devices/platform/i8042/serio1/input/input4
[    1.596002] e1000 0000:00:03.0 eth0: (PCI:33MHz:32-bit) 02:be:82:6b:cc:1d
[    1.597508] e1000 0000:00:03.0 eth0: Intel(R) PRO/1000 Network Connection
[    1.600057] mptbase: ioc0: Initiating bringup
[    1.602894] e1000 0000:00:03.0 enp0s3: renamed from eth0
[    1.848152] ioc0: LSI53C1030 A0: Capabilities={Initiator}
[    2.907613] scsi host2: ioc0: LSI53C1030 A0, FwRev=00000000h, Ports=1, MaxQ=256, IRQ=20
[    3.022202] scsi 2:0:0:0: Direct-Access     VBOX     HARDDISK         1.0  PQ: 0 ANSI: 5
[    3.038350] scsi target2:0:0: Beginning Domain Validation
[    3.039918] scsi target2:0:0: Domain Validation skipping write tests
[    3.040828] scsi target2:0:0: Ending Domain Validation
[    3.041841] scsi target2:0:0: asynchronous
[    3.043188] scsi 2:0:1:0: Direct-Access     VBOX     HARDDISK         1.0  PQ: 0 ANSI: 5
[    3.046674] scsi target2:0:1: Beginning Domain Validation
[    3.050196] scsi target2:0:1: Domain Validation skipping write tests
[    3.052351] scsi target2:0:1: Ending Domain Validation
[    3.054161] scsi target2:0:1: asynchronous
[    3.065788] sd 2:0:0:0: Attached scsi generic sg0 type 0
[    3.066036] sd 2:0:0:0: [sda] 83886080 512-byte logical blocks: (42.9 GB/40.0 GiB)
[    3.066383] sd 2:0:0:0: [sda] Write Protect is off
[    3.066547] sd 2:0:0:0: [sda] Incomplete mode parameter data
[    3.066549] sd 2:0:0:0: [sda] Assuming drive cache: write through
[    3.067874]  sda: sda1
[    3.068914] sd 2:0:0:0: [sda] Attached SCSI disk
[    3.078097] sd 2:0:1:0: Attached scsi generic sg1 type 0
[    3.078131] sd 2:0:1:0: [sdb] 20480 512-byte logical blocks: (10.5 MB/10.0 MiB)
[    3.083116] sd 2:0:1:0: [sdb] Write Protect is off
[    3.085212] sd 2:0:1:0: [sdb] Incomplete mode parameter data
[    3.086854] sd 2:0:1:0: [sdb] Assuming drive cache: write through
[    3.091598] sd 2:0:1:0: [sdb] Attached SCSI disk
Begin: Loading essential drivers ... [    4.740443] md: linear personality registered for level -1
[    4.748670] md: multipath personality registered for level -4
[    4.752949] md: raid0 personality registered for level 0
[    4.757546] md: raid1 personality registered for level 1
[    4.829182] raid6: sse2x1   gen()  8201 MB/s
[    4.897190] raid6: sse2x1   xor()  6370 MB/s
[    4.965235] raid6: sse2x2   gen() 14359 MB/s
[    5.033193] raid6: sse2x2   xor()  8407 MB/s
[    5.101209] raid6: sse2x4   gen() 14641 MB/s
[    5.169205] raid6: sse2x4   xor()  5936 MB/s
[    5.237207] raid6: avx2x1   gen() 15511 MB/s
[    5.305201] raid6: avx2x2   gen() 17356 MB/s
[    5.373194] raid6: avx2x4   gen() 18662 MB/s
[    5.374069] raid6: using algorithm avx2x4 gen() 18662 MB/s
[    5.375140] raid6: using avx2x2 recovery algorithm
[    5.378654] xor: automatically using best checksumming function:
[    5.417231]    avx       : 16909.000 MB/sec
[    5.419195] async_tx: api initialized (async)
[    5.428043] md: raid6 personality registered for level 6
[    5.429075] md: raid5 personality registered for level 5
[    5.429813] md: raid4 personality registered for level 4
[    5.435690] md: raid10 personality registered for level 10
done.
Begin: Running /scripts/init-premount ... done.
Begin: Mounting root file system ... Begin: Running /scripts/local-top ... done.
Begin: Running /scripts/local-premount ... [    5.462507] Btrfs loaded
Scanning for Btrfs filesystems
done.
Warning: fsck not present, so skipping root file system
[    5.500139] EXT4-fs (sda1): mounted filesystem with ordered data mode. Opts: (null)
done.
Begin: Running /scripts/local-bottom ... done.
Begin: Running /scripts/init-bottom ... done.
[    5.627994] systemd[1]: systemd 229 running in system mode. (+PAM +AUDIT +SELINUX +IMA +APPARMOR +SMACK +SYSVINIT +UTMP +LIBCRYPTSETUP +GCRYPT +GNUTLS +ACL +XZ -LZ4 +SECCOMP +BLKID +ELFUTILS +KMOD -IDN)
[    5.633349] systemd[1]: Detected virtualization oracle.
[    5.635086] systemd[1]: Detected architecture x86-64.

Welcome to [1mUbuntu 16.04.7 LTS[0m!

[    5.639213] systemd[1]: Set hostname to <ubuntu>.
[    5.641592] systemd[1]: Initializing machine ID from random generator.
[    5.642863] systemd[1]: Installed transient /etc/machine-id file.
[    5.780235] systemd[1]: Started Trigger resolvconf update for networkd DNS.
[[0;32m  OK  [0m] Started Trigger resolvconf update for networkd DNS.
[    5.782184] systemd[1]: Reached target System Time Synchronized.
[[0;32m  OK  [0m] Reached target System Time Synchronized.
[    5.783635] systemd[1]: Listening on /dev/initctl Compatibility Named Pipe.
[[0;32m  OK  [0m] Listening on /dev/initctl Compatibility Named Pipe.
[    5.785436] systemd[1]: Reached target Swap.
[[0;32m  OK  [0m] Reached target Swap.
[    5.786977] systemd[1]: Created slice User and Session Slice.
[[0;32m  OK  [0m] Created slice User and Session Slice.
[    5.788573] systemd[1]: Listening on Journal Socket.
[[0;32m  OK  [0m] Listening on Journal Socket.
[    5.789975] systemd[1]: Listening on udev Kernel Socket.
[[0;32m  OK  [0m] Listening on udev Kernel Socket.
[    5.791412] systemd[1]: Listening on LVM2 poll daemon socket.
[[0;32m  OK  [0m] Listening on LVM2 poll daemon socket.
[    5.792941] systemd[1]: Listening on LVM2 metadata daemon socket.
[[0;32m  OK  [0m] Listening on LVM2 metadata daemon socket.
[    5.794650] systemd[1]: Reached target Encrypted Volumes.
[[0;32m  OK  [0m] Reached target Encrypted Volumes.
[    5.796104] systemd[1]: Listening on Device-mapper event daemon FIFOs.
[[0;32m  OK  [0m] Listening on Device-mapper event daemon FIFOs.
[    5.797935] systemd[1]: Listening on Syslog Socket.
[[0;32m  OK  [0m] Listening on Syslog Socket.
[    5.799266] systemd[1]: Started Forward Password Requests to Wall Directory Watch.
[[0;32m  OK  [0m] Started Forward Password Requests to Wall Directory Watch.
[    5.801359] systemd[1]: Listening on udev Control Socket.
[[0;32m  OK  [0m] Listening on udev Control Socket.
[    5.803191] systemd[1]: Created slice System Slice.
[[0;32m  OK  [0m] Created slice System Slice.
[    5.817333] systemd[1]: Mounting POSIX Message Queue File System...
         Mounting POSIX Message Queue File System...
[    5.823541] systemd[1]: Starting Nameserver information manager...
         Starting Nameserver information manager...
[    5.829233] systemd[1]: Starting Create list of required static device nodes for the current kernel...
         Starting Create list of required st... nodes for the current kernel...
[    5.832842] systemd[1]: Reached target Slices.
[[0;32m  OK  [0m] Reached target Slices.
[    5.835110] systemd[1]: Starting Set console keymap...
         Starting Set console keymap...
[    5.837577] systemd[1]: Starting Uncomplicated firewall...
         Starting Uncomplicated firewall...
[    5.839870] systemd[1]: Created slice system-serial\x2dgetty.slice.
[[0;32m  OK  [0m] Created slice system-serial\x2dgetty.slice.
[    5.842940] systemd[1]: Mounting Debug File System...
         Mounting Debug File System...
[    5.845481] systemd[1]: Mounting Huge Pages File System...
         Mounting Huge Pages File System...
[    5.848318] systemd[1]: Starting Monitoring of LVM2 mirrors, snapshots etc. using dmeventd or progress polling...
         Starting Monitoring of LVM2 mirrors... dmeventd or progress polling...
[    5.854051] systemd[1]: Starting Load Kernel Modules...
         Starting Load Kernel Modules...
[    5.856037] systemd[1]: Reached target User and Group Name Lookups.
[[0;32m  OK  [0m] Reached target User and Group Name Lookups.
[    5.858826] systemd[1]: Listening on Journal Socket (/dev/log).
[[0;32m  OK  [0m] Listening on Journal Socket (/dev/log).
[    5.860680] systemd[1]: Listening on fsck to fsckd communication Socket.
[[0;32m  OK  [0m] Listening on fsck to fsckd communication Socket.
[    5.864592] systemd[1]: Starting File System Check on Root Device...
         Starting File System Check on Root Device...
[    5.870281] systemd[1]: Set up automount Arbitrary Executable File Formats File System Automount Point.
[[0;32m  OK  [0m] Set up automount Arbitrary Executab...ats File System Automount Point.
[    5.875126] systemd[1]: Listening on Journal Audit Socket.
[[0;32m  OK  [0m] Listening on Journal Audit Socket.
[    5.879968] Loading iSCSI transport class v2.0-870.
[    5.887160] iscsi: registered transport (tcp)
[    5.893618] systemd[1]: Starting Journal Service...
         Starting Journal Service...
[    5.897578] systemd[1]: Mounted Huge Pages File System.
[[0;32m  OK  [0m] Mounted Huge Pages File System.
[    5.899515] systemd[1]: Mounted POSIX Message Queue File System.
[[0;32m  OK  [0m] Mounted POSIX Message Queue File System.
[    5.901394] systemd[1]: Mounted Debug File System.
[[0;32m  OK  [0m] Mounted Debug File System.
[    5.904506] systemd[1]: Started Create list of required static device nodes for the current kernel.
[[0;32m  OK  [0m] Started Create list of required sta...ce nodes for the current kernel.
[    5.908023] systemd[1]: Started Set console keymap.
[[0;32m  OK  [0m] Started Set console keymap.
[    5.910600] systemd[1]: Started Uncomplicated firewall.
[[0;32m  OK  [0m] Started Uncomplicated firewall.
[    5.913298] systemd[1]: Started File System Check on Root Device.
[[0;32m  OK  [0m] Started File System Check on Root Device.
[    5.915645] systemd[1]: Started Nameserver information manager.
[[0;32m  OK  [0m] Started Nameserver information manager.
[    5.924133] systemd[1]: Started File System Check Daemon to report status.
[[0;32m  OK  [0m] Started File System Check Daemon to report status.
[    5.929424] systemd[1]: Started LVM2 metadata daemon.
[[0;32m  OK  [0m] Started LVM2 metadata daemon.
[    5.932056] systemd[1]: Starting Remount Root and Kernel File Systems...
         Starting Remount Root and Kernel File Systems...
[    5.936237] EXT4-fs (sda1): re-mounted. Opts: (null)
[    5.937185] systemd[1]: Starting Create Static Device Nodes in /dev...
         Starting Create Static Device Nodes in /dev...
[    5.940859] systemd[1]: Started Remount Root and Kernel File Systems.
[[0;32m  OK  [0m] Started Remount Root and Kernel File Systems.
[    5.946345] systemd[1]: Started Journal Service.
[[0;32m  OK  [0m] Started Journal Service.
[    5.951116] iscsi: registered transport (iser)
         Starting Load/Save Random Seed...
         Starting Flush Journal to Persistent Storage...
         Starting udev Coldplug all Devices...
[[0;32m  OK  [0m] Started Load Kernel Modules.
[[0;32m  OK  [0m] Started Create Static Device Nodes in /dev.
[[0;32m  OK  [0m] Started Load/Save Random Seed.
         Starting udev Kernel Device Manager...
         Mounting FUSE Control File System...
         Starting Apply Kernel Variables...
[    6.001147] systemd-journald[393]: Received request to flush runtime journal from PID 1
[[0;32m  OK  [0m] Mounted FUSE Control File System.
[[0;32m  OK  [0m] Started Flush Journal to Persistent Storage.
[[0;32m  OK  [0m] Started Apply Kernel Variables.
[[0;32m  OK  [0m] Started udev Coldplug all Devices.
[[0;32m  OK  [0m] Started udev Kernel Device Manager.
[[0;32m  OK  [0m] Started Dispatch Password Requests to Console Directory Watch.
[[0;32m  OK  [0m] Started Monitoring of LVM2 mirrors,...ng dmeventd or progress polling.
[[0;32m  OK  [0m] Reached target Local File Systems (Pre).
[[0;32m  OK  [0m] Reached target Local File Systems.
         Starting LSB: AppArmor initialization...
         Starting Set console font and keymap...
         Starting Initial cloud-init job (pre-networking)...
         Starting Tell Plymouth To Write Out Runtime Data...
         Starting Create Volatile Files and Directories...
         Starting Commit a transient machine-id on disk...
[[0;32m  OK  [0m] Started Create Volatile Files and Directories.
         Starting Update UTMP about System Boot/Shutdown...
[[0;32m  OK  [0m] Started Tell Plymouth To Write Out Runtime Data.
[[0;32m  OK  [0m] Started Update UTMP about System Boot/Shutdown.
[[0;32m  OK  [0m] Started Commit a transient machine-id on disk.
[[0;32m  OK  [0m] Found device /dev/ttyS0.
[[0;32m  OK  [0m] Listening on Load/Save RF Kill Switch Status /dev/rfkill Watch.
[[0;32m  OK  [0m] Started LSB: AppArmor initialization.
         Starting Load AppArmor profiles managed internally by snapd...
[[0;32m  OK  [0m] Started Set console font and keymap.
[[0;32m  OK  [0m] Created slice system-getty.slice.
[[0;32m  OK  [0m] Started Load AppArmor profiles managed internally by snapd.
[    7.521780] cloud-init[486]: Cloud-init v. 21.1-19-gbad84ad4-0ubuntu1~16.04.2 running 'init-local' at Wed, 08 Dec 2021 02:21:53 +0000. Up 7.01 seconds.
[[0;32m  OK  [0m] Started Initial cloud-init job (pre-networking).
[[0;32m  OK  [0m] Reached target Network (Pre).
         Starting Raise network interfaces...
[[0;32m  OK  [0m] Started Raise network interfaces.
[[0;32m  OK  [0m] Reached target Network.
         Starting Initial cloud-init job (metadata service crawler)...
[    8.870330] cloud-init[945]: Cloud-init v. 21.1-19-gbad84ad4-0ubuntu1~16.04.2 running 'init' at Wed, 08 Dec 2021 02:21:54 +0000. Up 8.20 seconds.
[    8.873182] cloud-init[945]: ci-info: ++++++++++++++++++++++++++++++++++++++Net device info++++++++++++++++++++++++++++++++++++++
[    8.874795] cloud-init[945]: ci-info: +--------+------+----------------------------+---------------+--------+-------------------+
[    8.876239] cloud-init[945]: ci-info: | Device |  Up  |          Address           |      Mask     | Scope  |     Hw-Address    |
[    8.877730] cloud-init[945]: ci-info: +--------+------+----------------------------+---------------+--------+-------------------+
[    8.879193] cloud-init[945]: ci-info: | enp0s3 | True |         10.0.2.15          | 255.255.255.0 | global | 02:be:82:6b:cc:1d |
[    8.880537] cloud-init[945]: ci-info: | enp0s3 | True | fe80::be:82ff:fe6b:cc1d/64 |       .       |  link  | 02:be:82:6b:cc:1d |
[    8.881920] cloud-init[945]: ci-info: |   lo   | True |         127.0.0.1          |   255.0.0.0   |  host  |         .         |
[    8.883170] cloud-init[945]: ci-info: |   lo   | True |          ::1/128           |       .       |  host  |         .         |
[    8.884454] cloud-init[945]: ci-info: +--------+------+----------------------------+---------------+--------+-------------------+
[    8.886154] cloud-init[945]: ci-info: +++++++++++++++++++++++++++Route IPv4 info++++++++++++++++++++++++++++
[    8.887491] cloud-init[945]: ci-info: +-------+-------------+----------+---------------+-----------+-------+
[    8.888831] cloud-init[945]: ci-info: | Route | Destination | Gateway  |    Genmask    | Interface | Flags |
[    8.890135] cloud-init[945]: ci-info: +-------+-------------+----------+---------------+-----------+-------+
[    8.891466] cloud-init[945]: ci-info: |   0   |   0.0.0.0   | 10.0.2.2 |    0.0.0.0    |   enp0s3  |   UG  |
[    8.892712] cloud-init[945]: ci-info: |   1   |   10.0.2.0  | 0.0.0.0  | 255.255.255.0 |   enp0s3  |   U   |
[    8.894027] cloud-init[945]: ci-info: +-------+-------------+----------+---------------+-----------+-------+
[    8.900583] cloud-init[945]: ci-info: +++++++++++++++++++Route IPv6 info+++++++++++++++++++
[    8.901662] cloud-init[945]: ci-info: +-------+-------------+---------+-----------+-------+
[    8.902733] cloud-init[945]: ci-info: | Route | Destination | Gateway | Interface | Flags |
[    8.903662] cloud-init[945]: ci-info: +-------+-------------+---------+-----------+-------+
[    8.904738] cloud-init[945]: ci-info: |   0   |  fe80::/64  |    ::   |   enp0s3  |   U   |
[    8.905882] cloud-init[945]: ci-info: |   3   |   ff00::/8  |    ::   |   enp0s3  |   U   |
[    8.906968] cloud-init[945]: ci-info: +-------+-------------+---------+-----------+-------+
[    8.908004] cloud-init[945]: Generating public/private rsa key pair.
[    8.909096] cloud-init[945]: Your identification has been saved in /etc/ssh/ssh_host_rsa_key.
[    8.910213] cloud-init[945]: Your public key has been saved in /etc/ssh/ssh_host_rsa_key.pub.
[    8.911385] cloud-init[945]: The key fingerprint is:
[    8.912584] cloud-init[945]: SHA256:9vwBjhY1HvIxhjnGSYqXAzFT5iXnn0Sg5CC8/yq8040 root@ubuntu-xenial
[    8.913741] cloud-init[945]: The key's randomart image is:
[    8.914799] cloud-init[945]: +---[RSA 2048]----+
[    8.915807] cloud-init[945]: | .. *o= =..      |
[    8.917550] cloud-init[945]: |  .. @ @ =       |
[    8.918521] cloud-init[945]: |   .. O X O      |
[    8.919546] cloud-init[945]: |  .  . o X *     |
[    8.920679] cloud-init[945]: |   .    S *      |
[    8.921552] cloud-init[945]: |    .  . * .     |
[    8.922302] cloud-init[945]: | . . +  o + .    |
[    8.923050] cloud-init[945]: |  + E o.   . .   |
[    8.923711] cloud-init[945]: |  .+..      .    |
[    8.924428] cloud-init[945]: +----[SHA256]-----+
[    8.925077] cloud-init[945]: Generating public/private dsa key pair.
[    8.925893] cloud-init[945]: Your identification has been saved in /etc/ssh/ssh_host_dsa_key.
[    8.926968] cloud-init[945]: Your public key has been saved in /etc/ssh/ssh_host_dsa_key.pub.
[    8.928001] cloud-init[945]: The key fingerprint is:
[    8.928828] cloud-init[945]: SHA256:sODvRwNAarAHbIr+1iiGFPgf0QVv538KqZgxUZj3fVM root@ubuntu-xenial
[    8.929932] cloud-init[945]: The key's randomart image is:
[    8.930720] cloud-init[945]: +---[DSA 1024]----+
[    8.936508] cloud-init[945]: |+  .. ..         |
[    8.937352] cloud-init[945]: | * ..  +.        |
[    8.938190] cloud-init[945]: |* + .o+.= .     E|
[    8.938921] cloud-init[945]: |++ ...o* + .   . |
[    8.948429] cloud-init[945]: |... ..o.S o . o  |
[    8.949411] cloud-init[945]: | o. .. .o  o . . |
[    8.950325] cloud-init[945]: |o ..o.+. .o . .  |
[    8.951163] cloud-init[945]: |.o +.o =.. . o   |
[    8.952127] cloud-init[945]: |. o   +..   .    |
[    8.953175] cloud-init[945]: +----[SHA256]-----+
[    8.954144] cloud-init[945]: Generating public/private ecdsa key pair.
[    8.955362] cloud-init[945]: Your identification has been saved in /etc/ssh/ssh_host_ecdsa_key.
[    8.956530] cloud-init[945]: Your public key has been saved in /etc/ssh/ssh_host_ecdsa_key.pub.
[    8.957568] cloud-init[945]: The key fingerprint is:
[    8.958456] cloud-init[945]: SHA256:N4DWzpat1uxFn++Qt8IB2eWYSfwdpRsgb60uXZ/SzMI root@ubuntu-xenial
[    8.964683] cloud-init[945]: The key's randomart image is:
[    8.965628] cloud-init[945]: +---[ECDSA 256]---+
[    8.966541] cloud-init[945]: |          . o   o|
[[0;32m  OK  [0m] Started Initial cloud-init job (metadata service crawler).
[    8.973586] cloud-init[945]: |       o   o = + |
[[0;32m  OK  [0m[    8.974694] cloud-init[945]: |      o o   * @ o|
] Reached target Network is Online.[    8.975107] cloud-init[945]: |     . o + + * =.|
[    8.975395] cloud-init[945]: |        S + + o  |

[    8.976022] cloud-init[945]: |       . = =.+++.|
[    8.976698] cloud-init[945]: |        o + =E*=o|
[    8.977573] cloud-init[945]: |       . . o oo+.|
[    8.978254] cloud-init[945]: |          .   .oo|
[    8.978881] cloud-init[945]: +----[SHA256]-----+
[    8.979489] cloud-init[945]: Generating public/private ed25519 key pair.
[    8.980258] cloud-init[945]: Your identification has been saved in /etc/ssh/ssh_host_ed25519_key.
[    8.980999] cloud-init[945]: Your public key has been saved in /etc/ssh/ssh_host_ed25519_key.pub.
[    8.981699] cloud-init[945]: The key fingerprint is:
[    8.982172] cloud-init[945]: SHA256:+Ob51/ltLk2G6HoQGqOGdMOm0ySURfxuNEK8HgWSsG0 root@ubuntu-xenial
[    8.982803] cloud-init[945]: The key's randomart image is:
[    8.983673] cloud-init[945]: +--[ED25519 256]--+
[    8.984366] cloud-init[945]: |  ...B+.         |
[    8.984942] cloud-init[945]: |   o+.+ .        |
[    8.985607] cloud-init[945]: |  ..Eo +         |
[    8.986218] cloud-init[945]: |   .o X.* .      |
[    8.986885] cloud-init[945]: |   . X.BS= . . . |
[    8.987594] cloud-init[945]: |    + =.+ . . . o|
[    8.988308] cloud-init[945]: |     o .o  o . = |
[    8.988906] cloud-init[945]: |       o .  + + +|
[    8.989614] cloud-init[945]: |        o.o+   =+|
[    8.990490] cloud-init[945]: +----[SHA256]-----+
         Starting iSCSI initiator daemon (iscsid)...
[[0;32m  OK  [0m] Reached target Cloud-config availability.
[[0;32m  OK  [0m] Reached target System Initialization.
[[0;32m  OK  [0m] Started Ubuntu Advantage update messaging.
         Starting Socket activation for snappy daemon.
[[0;32m  OK  [0m] Listening on UUID daemon activation socket.
[[0;32m  OK  [0m] Listening on ACPID Listen Socket.
[[0;32m  OK  [0m] Started ACPI Events Check.
[[0;32m  OK  [0m] Reached target Paths.
[[0;32m  OK  [0m] Started Daily apt download activities.
[[0;32m  OK  [0m] Started Daily apt upgrade and clean activities.
         Starting LXD - unix socket.
[[0;32m  OK  [0m] Started Message of the Day.
[[0;32m  OK  [0m] Listening on D-Bus System Message Bus Socket.
[[0;32m  OK  [0m] Started Daily Cleanup of Temporary Directories.
[[0;32m  OK  [0m] Reached target Timers.
[[0;32m  OK  [0m] Listening on Socket activation for snappy daemon.
[[0;32m  OK  [0m] Listening on LXD - unix socket.
[[0;32m  OK  [0m] Reached target Sockets.
[[0;32m  OK  [0m] Reached target Basic System.
[[0;32m  OK  [0m] Started Deferred execution scheduler.
         Starting LXD - container startup/shutdown...
         Starting Pollinate to seed the pseudo random number generator...
         Starting Virtualbox guest utils...
         Starting LSB: MD monitoring daemon...
[[0;32m  OK  [0m] Started D-Bus System Message Bus.
         Starting Snap Daemon...
         Starting /etc/rc.local Compatibility...
         Starting LSB: Record successful boot for GRUB...
         Starting System Logging Service...
         Starting Login Service...
         Starting Accounts Service...
[[0;32m  OK  [0m] Started FUSE filesystem for LXC.
[[0;32m  OK  [0m] Started ACPI event daemon.
[[0;32m  OK  [0m] Started Regular background program processing daemon.
[[0;32m  OK  [0m] Started iSCSI initiator daemon (iscsid).
[[0;32m  OK  [0m] Started /etc/rc.local Compatibility.
         Starting Login to default iSCSI targets...
[[0;32m  OK  [0m] Started Login to default iSCSI targets.
[[0;32m  OK  [0m] Started LSB: MD monitoring daemon.
[[0;32m  OK  [0m] Reached target Remote File Systems (Pre).
[[0;32m  OK  [0m] Reached target Remote File Systems.
         Starting LSB: automatic crash report generation...
         Starting Permit User Sessions...
         Starting LSB: Set the CPU Frequency Scaling governor to "ondemand"...
         Starting LSB: daemon to balance interrupts for SMP systems...
[[0;32m  OK  [0m] Started System Logging Service.
[[0;32m  OK  [0m] Started LSB: Record successful boot for GRUB.
[[0;32m  OK  [0m] Started Login Service.
[[0;32m  OK  [0m] Started Unattended Upgrades Shutdown.
[[0;32m  OK  [0m] Started Permit User Sessions.
         Starting Terminate Plymouth Boot Screen...
         Starting Hold until boot process finishes up...
[[0;32m  OK  [0m] Started Hold until boot process finishes up.
[[0;32m  OK  [0m] Started Getty on tty1.
         Starting Set console scheme...
[[0;32m  OK  [0m] Started Serial Getty on ttyS0.
[[0;32m  OK  [0m] Reached target Login Prompts.
[[0;32m  OK  [0m] Started Set console scheme.
[[0;32m  OK  [0m] Started Terminate Plymouth Boot Screen.
         Starting Authenticate and Authorize Users to Run Privileged Tasks...
[[0;32m  OK  [0m] Started LSB: Set the CPU Frequency Scaling governor to "ondemand".
[[0;32m  OK  [0m] Started LSB: automatic crash report generation.
[[0;32m  OK  [0m] Started LXD - container startup/shutdown.
[[0;32m  OK  [0m] Started LSB: daemon to balance interrupts for SMP systems.
[[0;32m  OK  [0m] Started Authenticate and Authorize Users to Run Privileged Tasks.
[[0;32m  OK  [0m] Started Accounts Service.
[[0;32m  OK  [0m] Started Virtualbox guest utils.
[[0;32m  OK  [0m] Started Snap Daemon.
         Starting Wait until snapd is fully seeded...
[[0;32m  OK  [0m] Started Pollinate to seed the pseudo random number generator.
         Starting OpenBSD Secure Shell server...
[[0;32m  OK  [0m] Started OpenBSD Secure Shell server.
[[0;32m  OK  [0m] Created slice User Slice of vagrant.
[[0;32m  OK  [0m] Started Wait until snapd is fully seeded.
         Starting Apply the settings specified in cloud-config...
[[0;32m  OK  [0m] Reached target Multi-User System.
[[0;32m  OK  [0m] Reached target Graphical Interface.
         Starting Update UTMP about System Runlevel Changes...
         Starting User Manager for UID 1000...
[[0;32m  OK  [0m] Started Session 1 of user vagrant.
[[0;32m  OK  [0m] Started Update UTMP about System Runlevel Changes.
[[0;32m  OK  [0m] Started User Manager for UID 1000.
[   13.245582] cloud-init[1304]: Generating locales (this might take a while)...
[   14.136498] cloud-init[1304]:   en_US.UTF-8... done
[   14.139115] cloud-init[1304]: Generation complete.
[   14.571678] cloud-init[1304]: Cloud-init v. 21.1-19-gbad84ad4-0ubuntu1~16.04.2 running 'modules:config' at Wed, 08 Dec 2021 02:21:59 +0000. Up 13.07 seconds.
ci-info: no authorized SSH keys fingerprints found for user ubuntu.
<14>Dec  8 02:22:01 ec2: 
<14>Dec  8 02:22:01 ec2: #############################################################
<14>Dec  8 02:22:01 ec2: -----BEGIN SSH HOST KEY FINGERPRINTS-----
<14>Dec  8 02:22:01 ec2: 1024 SHA256:sODvRwNAarAHbIr+1iiGFPgf0QVv538KqZgxUZj3fVM root@ubuntu-xenial (DSA)
<14>Dec  8 02:22:01 ec2: 256 SHA256:N4DWzpat1uxFn++Qt8IB2eWYSfwdpRsgb60uXZ/SzMI root@ubuntu-xenial (ECDSA)
<14>Dec  8 02:22:01 ec2: 256 SHA256:+Ob51/ltLk2G6HoQGqOGdMOm0ySURfxuNEK8HgWSsG0 root@ubuntu-xenial (ED25519)
<14>Dec  8 02:22:01 ec2: 2048 SHA256:9vwBjhY1HvIxhjnGSYqXAzFT5iXnn0Sg5CC8/yq8040 root@ubuntu-xenial (RSA)
<14>Dec  8 02:22:01 ec2: -----END SSH HOST KEY FINGERPRINTS-----
<14>Dec  8 02:22:01 ec2: #############################################################
-----BEGIN SSH HOST KEY KEYS-----
ecdsa-sha2-nistp256 AAAAE2VjZHNhLXNoYTItbmlzdHAyNTYAAAAIbmlzdHAyNTYAAABBBO62lE7qOODo/6cskJR3CVkP9S80jI/mU6JlCX+2INYZ5N5cihKs1QyIKQwyEUAxGbRc4P3dQbqc0WcaqjRYFbU= root@ubuntu-xenial
ssh-ed25519 AAAAC3NzaC1lZDI1NTE5AAAAINJsaPsNGCdEOEF9qpol0bDVah71jU9z3V0YfqfUF3Y1 root@ubuntu-xenial
ssh-rsa AAAAB3NzaC1yc2EAAAADAQABAAABAQDF9YWpA6DCvXu+jOuwhCk4+D4nLA9SyuocA6VEMyyXP6xrqgA7DJFssVMVpQFFvu2vxEc3/sAhROyNqvpquDqbsMNxGgARuOaNJ51RUUQZh985TBrrlcBEp0hDlDlviKZETINNxmWsYbLljkTwmF6HF6iE5Ojr/WZChbPHqqv+sNNOBrl9FQF0PR4O3K60KuYLJV+PFUzusO8lTxLUBBytuaW1/ejm7g060ItMchYSM5TdYZ+/Cz/O6+ssPM21rlIlDLflyJi2r3g1Uwqjs1Sl+nMUz0slmUywLF/fIF6k9S8cEL8yN32Na7NfWN6rY5uK8nc215tmOgYzkOTApyQJ root@ubuntu-xenial
-----END SSH HOST KEY KEYS-----
[   15.212571] cloud-init[1517]: Cloud-init v. 21.1-19-gbad84ad4-0ubuntu1~16.04.2 running 'modules:final' at Wed, 08 Dec 2021 02:22:01 +0000. Up 15.00 seconds.
[   15.213358] cloud-init[1517]: ci-info: no authorized SSH keys fingerprints found for user ubuntu.
[   15.214354] cloud-init[1517]: Cloud-init v. 21.1-19-gbad84ad4-0ubuntu1~16.04.2 finished at Wed, 08 Dec 2021 02:22:01 +0000. Datasource DataSourceNoCloud [seed=/dev/sdb][dsmode=net].  Up 15.20 seconds

Ubuntu 16.04.7 LTS ubuntu-xenial ttyS0

ubuntu-xenial login:                              